\BOOKMARK [1][-]{section.1}{Inleiding}{}% 1
\BOOKMARK [2][-]{subsection.1.1}{Situering\040en\040Casus}{section.1}% 2
\BOOKMARK [2][-]{subsection.1.2}{Probleemstelling}{section.1}% 3
\BOOKMARK [2][-]{subsection.1.3}{Onderzoeksvraag}{section.1}% 4
\BOOKMARK [2][-]{subsection.1.4}{Onderzoeksdoelstelling}{section.1}% 5
\BOOKMARK [1][-]{section.2}{Literatuurstudie}{}% 6
\BOOKMARK [2][-]{subsection.2.1}{Dreigingslandschap\040in\040de\040zorgsector}{section.2}% 7
\BOOKMARK [2][-]{subsection.2.2}{De\040beperkingen\040van\040het\040perimeter-model\040en\040VPN}{section.2}% 8
\BOOKMARK [2][-]{subsection.2.3}{verschuiving\040naar\040Zero\040Trust\040Architecture}{section.2}% 9
\BOOKMARK [2][-]{subsection.2.4}{Technologische\040implementatie:\040Open-Source\040en\040WireGuard}{section.2}% 10
\BOOKMARK [2][-]{subsection.2.5}{Relevantie\040voor\040dit\040onderzoek}{section.2}% 11
\BOOKMARK [1][-]{section.3}{Methodologie}{}% 12
\BOOKMARK [2][-]{subsection.3.1}{Fase\0401:\040Literatuurstudie\040en\040Toolselectie}{section.3}% 13
\BOOKMARK [2][-]{subsection.3.2}{Fase\0402:\040Proof\040of\040Concept}{section.3}% 14
\BOOKMARK [2][-]{subsection.3.3}{Fase\0403:\040Experiment\040en\040Meting}{section.3}% 15
\BOOKMARK [2][-]{subsection.3.4}{Fase\0404:\040Vergelijkende\040Analyse}{section.3}% 16
\BOOKMARK [2][-]{subsection.3.5}{Tijdsplanning\040en\040Deliverables}{section.3}% 17
\BOOKMARK [1][-]{section.4}{Verwacht\040resultaat,\040conclusie}{}% 18
\BOOKMARK [2][-]{subsection.4.1}{Verwacht\040resultaat}{section.4}% 19
\BOOKMARK [2][-]{subsection.4.2}{Conclusie}{section.4}% 20
\BOOKMARK [1][-]{subsection.4.2}{Referenties}{}% 21
